<?xml version="1.0" encoding="UTF-8"?>
<!-- Generated by org.testng.reporters.JUnitReportReporter -->
<testsuite hostname="DESKTOP-K462EQS" failures="0" tests="1" name="techPandaMavenTest.TechPandaTest" time="3.913" errors="0" timestamp="2023-01-25T06:44:15 IST" skipped="0">
  <testcase classname="techPandaMavenTest.TechPandaTest" name="sortedByFunctionality" time="3.913"/>
  <system-out/>
</testsuite> <!-- techPandaMavenTest.TechPandaTest -->
