<?xml version="1.0" encoding="UTF-8"?>
<!-- Generated by org.testng.reporters.JUnitReportReporter -->
<testsuite hostname="DESKTOP-K462EQS" failures="0" tests="1" name="techPandaMavenTest.TechPandaTest" time="4.767" errors="0" timestamp="2023-01-25T13:47:18 IST" skipped="0">
  <testcase classname="techPandaMavenTest.TechPandaTest" name="sortedByFunctionality" time="4.767"/>
  <system-out/>
</testsuite> <!-- techPandaMavenTest.TechPandaTest -->
