<?xml version="1.0" encoding="UTF-8"?>
<!-- Generated by org.testng.reporters.JUnitReportReporter -->
<testsuite hostname="DESKTOP-K462EQS" failures="0" tests="2" name="mavenNeostoxTest.ValidateUnAndBalance" time="48.090" errors="0" timestamp="2022-12-03T21:20:07 GMT-08:00" skipped="0">
  <testcase classname="mavenNeostoxTest.ValidateUnAndBalance" name="verifyUn" time="36.984"/>
  <system-out>
    <![CDATA[verifying un
TC verifyUn is completed successfuly]]>
  </system-out>
  <testcase classname="mavenNeostoxTest.ValidateUnAndBalance" name="CheckBalance" time="11.106"/>
  <system-out>
    <![CDATA[actual balance is Rs.5,00,000.00
verifying un
TC CheckBalance is completed successfuly]]>
  </system-out>
</testsuite> <!-- mavenNeostoxTest.ValidateUnAndBalance -->
